2019-03-25 22:42:34,610 - root - INFO - ********TEST START********
2019-03-25 22:42:34,613 - root - INFO - ********TEST START********
2019-03-25 22:42:34,614 - root - INFO - testCall测试开始前准备
2019-03-25 22:42:34,618 - root - INFO - testCall测试开始前准备
2019-03-25 22:43:33,088 - root - INFO - 准备保存截屏:325ac8cf_testcall001_20190325224333.png
2019-03-25 22:43:35,775 - root - INFO - 测试结束，输出log完结


2019-03-25 22:43:44,572 - root - INFO - 测试结束，输出log完结


2019-03-25 22:43:44,590 - root - INFO - testCall测试开始前准备
2019-03-25 22:43:53,895 - root - INFO - testCall测试开始前准备
2019-03-25 22:44:51,107 - root - INFO - 测试结束，输出log完结


2019-03-25 22:44:51,152 - root - INFO - 测试结束，输出log完结


2019-03-25 22:44:59,969 - root - INFO - testCall测试开始前准备
2019-03-25 22:45:00,027 - root - INFO - testCall测试开始前准备
2019-03-25 22:45:57,038 - root - INFO - 测试结束，输出log完结


2019-03-25 22:46:05,769 - root - INFO - testCall测试开始前准备
2019-03-25 22:46:46,938 - root - INFO - 测试结束，输出log完结


2019-03-25 22:46:55,714 - root - INFO - *********TEST END*********
2019-03-25 22:46:55,715 - root - INFO - Doesn't send report email to developer.
2019-03-25 22:49:33,932 - root - INFO - 测试结束，输出log完结


2019-03-25 22:49:44,061 - root - INFO - testCall测试开始前准备
2019-03-26 00:22:35,652 - root - INFO - *********TEST END*********
2019-03-26 00:22:35,652 - root - INFO - Doesn't send report email to developer.
