2019-02-11 10:33:05,938 - root - INFO - ********TEST START********
2019-02-11 10:33:05,938 - root - INFO - login测试开始前准备
2019-02-11 10:33:05,938 - root - INFO - 测试结束，输出log完结


2019-02-11 10:33:05,938 - root - INFO - login_PasswordError测试开始前准备
2019-02-11 10:33:05,938 - root - INFO - 测试结束，输出log完结


2019-02-11 10:33:05,938 - root - INFO - login_EmailError测试开始前准备
2019-02-11 10:33:05,938 - root - INFO - 测试结束，输出log完结


2019-02-11 10:33:05,938 - root - INFO - login_EmailNull测试开始前准备
2019-02-11 10:33:05,938 - root - INFO - 测试结束，输出log完结


2019-02-11 10:33:05,938 - root - INFO - login_PasswordNull测试开始前准备
2019-02-11 10:33:05,938 - root - INFO - 测试结束，输出log完结


2019-02-11 10:33:05,938 - root - INFO - Seeking测试开始前准备
2019-02-11 10:33:05,938 - root - INFO - 测试结束，输出log完结


2019-02-11 10:33:05,938 - root - INFO - Seeking_PasswordError测试开始前准备
2019-02-11 10:33:05,938 - root - INFO - 测试结束，输出log完结


2019-02-11 10:33:05,938 - root - INFO - Seeking_EmailError测试开始前准备
2019-02-11 10:33:05,938 - root - INFO - 测试结束，输出log完结


2019-02-11 10:33:05,938 - root - INFO - Seeking_EmailNull测试开始前准备
2019-02-11 10:33:05,938 - root - INFO - 测试结束，输出log完结


2019-02-11 10:33:05,938 - root - INFO - Seeking_PasswordNull测试开始前准备
2019-02-11 10:33:05,938 - root - INFO - 测试结束，输出log完结


2019-02-11 10:33:05,938 - root - INFO - Seeking测试开始前准备
2019-02-11 10:33:05,938 - root - INFO - 测试结束，输出log完结


2019-02-11 10:33:05,938 - root - INFO - Seeking_PasswordError测试开始前准备
2019-02-11 10:33:05,938 - root - INFO - 测试结束，输出log完结


2019-02-11 10:33:05,938 - root - INFO - Seeking_EmailError测试开始前准备
2019-02-11 10:33:05,938 - root - INFO - 测试结束，输出log完结


2019-02-11 10:33:05,938 - root - INFO - Seeking_EmailNull测试开始前准备
2019-02-11 10:33:05,938 - root - INFO - 测试结束，输出log完结


2019-02-11 10:33:05,938 - root - INFO - Seeking_PasswordNull测试开始前准备
2019-02-11 10:33:05,938 - root - INFO - 测试结束，输出log完结


2019-02-11 10:33:05,938 - root - INFO - testCall测试开始前准备
2019-02-11 10:34:20,548 - root - INFO - 测试结束，输出log完结


2019-02-11 10:34:29,213 - root - INFO - testCall01测试开始前准备
2019-02-11 10:35:43,692 - root - INFO - 测试结束，输出log完结


2019-02-11 10:35:52,362 - root - INFO - testCall01测试开始前准备
2019-02-11 10:37:03,611 - root - INFO - 测试结束，输出log完结


2019-02-11 10:37:12,479 - root - INFO - testCall01测试开始前准备
2019-02-11 10:44:26,746 - root - INFO - 测试结束，输出log完结


2019-02-11 10:44:35,600 - root - INFO - testCall01测试开始前准备
2019-02-11 10:45:28,220 - root - INFO - 测试结束，输出log完结


2019-02-11 10:45:36,876 - root - INFO - *********TEST END*********
2019-02-11 10:45:38,296 - root - INFO - The test report has send to developer by email.
